{
"contracts/NftMarketplace.sol":{"l":{"54":1,"55":1,"56":0,"58":1,"62":1,"63":1,"64":0,"66":1,"74":1,"75":1,"76":1,"77":0,"79":1,"91":1,"92":0,"95":1,"96":1,"97":0,"99":1,"101":1,"110":1,"111":1,"112":0,"119":1,"122":1,"123":1,"129":1,"137":0,"138":0,"150":0,"151":0,"155":0,"156":0,"157":0,"159":0,"160":0,"161":0,"162":0,"171":0,"175":1},"path":"/Users/sarzywork/Documents/soliditycode/ethers/nft-marketplace/contracts/NftMarketplace.sol","s":{"1":1,"2":1,"3":1,"4":1,"5":1,"6":1,"7":1,"8":1,"9":1,"10":1,"11":1,"12":1,"13":1,"14":1,"15":1,"16":1,"17":1,"18":0,"19":0,"20":0,"21":0,"22":0,"23":0,"24":0,"25":0,"26":0,"27":1},"b":{"1":[0,1],"2":[0,1],"3":[0,1],"4":[0,1],"5":[0,1],"6":[0,1],"7":[0,0],"8":[0,0]},"f":{"1":1,"2":1,"3":1,"4":1,"5":1,"6":0,"7":0,"8":0,"9":0,"10":1},"fnMap":{"1":{"name":"notListed","line":49,"loc":{"start":{"line":49,"column":4},"end":{"line":59,"column":4}}},"2":{"name":"isListed","line":61,"loc":{"start":{"line":61,"column":4},"end":{"line":67,"column":4}}},"3":{"name":"isOwner","line":69,"loc":{"start":{"line":69,"column":4},"end":{"line":80,"column":4}}},"4":{"name":"listItem","line":89,"loc":{"start":{"line":82,"column":4},"end":{"line":102,"column":4}}},"5":{"name":"buyItem","line":108,"loc":{"start":{"line":104,"column":4},"end":{"line":130,"column":4}}},"6":{"name":"cancelListing","line":135,"loc":{"start":{"line":132,"column":4},"end":{"line":139,"column":4}}},"7":{"name":"updateListing","line":148,"loc":{"start":{"line":141,"column":4},"end":{"line":152,"column":4}}},"8":{"name":"withdrawProceeds","line":154,"loc":{"start":{"line":154,"column":4},"end":{"line":164,"column":4}}},"9":{"name":"getListing","line":166,"loc":{"start":{"line":166,"column":4},"end":{"line":172,"column":4}}},"10":{"name":"getProceeds","line":174,"loc":{"start":{"line":174,"column":4},"end":{"line":176,"column":4}}}},"statementMap":{"1":{"start":{"line":54,"column":8},"end":{"line":54,"column":64}},"2":{"start":{"line":55,"column":8},"end":{"line":55,"column":1521}},"3":{"start":{"line":62,"column":8},"end":{"line":62,"column":64}},"4":{"start":{"line":63,"column":8},"end":{"line":63,"column":1783}},"5":{"start":{"line":74,"column":8},"end":{"line":74,"column":41}},"6":{"start":{"line":75,"column":8},"end":{"line":75,"column":44}},"7":{"start":{"line":76,"column":8},"end":{"line":76,"column":2108}},"8":{"start":{"line":91,"column":8},"end":{"line":91,"column":2449}},"9":{"start":{"line":95,"column":8},"end":{"line":95,"column":41}},"10":{"start":{"line":96,"column":8},"end":{"line":96,"column":2588}},"11":{"start":{"line":99,"column":8},"end":{"line":99,"column":67}},"12":{"start":{"line":101,"column":8},"end":{"line":101,"column":63}},"13":{"start":{"line":110,"column":8},"end":{"line":110,"column":67}},"14":{"start":{"line":111,"column":8},"end":{"line":111,"column":3087}},"15":{"start":{"line":119,"column":8},"end":{"line":119,"column":3303}},"16":{"start":{"line":123,"column":8},"end":{"line":123,"column":3448}},"17":{"start":{"line":129,"column":8},"end":{"line":129,"column":74}},"18":{"start":{"line":138,"column":8},"end":{"line":138,"column":58}},"19":{"start":{"line":150,"column":8},"end":{"line":150,"column":55}},"20":{"start":{"line":151,"column":8},"end":{"line":151,"column":66}},"21":{"start":{"line":155,"column":8},"end":{"line":155,"column":49}},"22":{"start":{"line":156,"column":8},"end":{"line":156,"column":4404}},"23":{"start":{"line":159,"column":8},"end":{"line":159,"column":33}},"24":{"start":{"line":160,"column":8},"end":{"line":160,"column":72}},"25":{"start":{"line":161,"column":8},"end":{"line":161,"column":4602}},"26":{"start":{"line":171,"column":8},"end":{"line":171,"column":46}},"27":{"start":{"line":175,"column":8},"end":{"line":175,"column":33}}},"branchMap":{"1":{"line":55,"type":"if","locations":[{"start":{"line":55,"column":8},"end":{"line":55,"column":8}},{"start":{"line":55,"column":8},"end":{"line":55,"column":8}}]},"2":{"line":63,"type":"if","locations":[{"start":{"line":63,"column":8},"end":{"line":63,"column":8}},{"start":{"line":63,"column":8},"end":{"line":63,"column":8}}]},"3":{"line":76,"type":"if","locations":[{"start":{"line":76,"column":8},"end":{"line":76,"column":8}},{"start":{"line":76,"column":8},"end":{"line":76,"column":8}}]},"4":{"line":91,"type":"if","locations":[{"start":{"line":91,"column":8},"end":{"line":91,"column":8}},{"start":{"line":91,"column":8},"end":{"line":91,"column":8}}]},"5":{"line":96,"type":"if","locations":[{"start":{"line":96,"column":8},"end":{"line":96,"column":8}},{"start":{"line":96,"column":8},"end":{"line":96,"column":8}}]},"6":{"line":111,"type":"if","locations":[{"start":{"line":111,"column":8},"end":{"line":111,"column":8}},{"start":{"line":111,"column":8},"end":{"line":111,"column":8}}]},"7":{"line":156,"type":"if","locations":[{"start":{"line":156,"column":8},"end":{"line":156,"column":8}},{"start":{"line":156,"column":8},"end":{"line":156,"column":8}}]},"8":{"line":161,"type":"if","locations":[{"start":{"line":161,"column":8},"end":{"line":161,"column":8}},{"start":{"line":161,"column":8},"end":{"line":161,"column":8}}]}}},
"contracts/test/BasicNft.sol":{"l":{"13":3,"17":1,"18":1,"19":1,"28":0,"32":0},"path":"/Users/sarzywork/Documents/soliditycode/ethers/nft-marketplace/contracts/test/BasicNft.sol","s":{"1":3,"2":1,"3":1,"4":0,"5":0},"b":{},"f":{"1":3,"2":1,"3":0,"4":0},"fnMap":{"1":{"name":"constructor","line":12,"loc":{"start":{"line":12,"column":4},"end":{"line":14,"column":4}}},"2":{"name":"mintNft","line":16,"loc":{"start":{"line":16,"column":4},"end":{"line":20,"column":4}}},"3":{"name":"tokenURI","line":22,"loc":{"start":{"line":22,"column":4},"end":{"line":29,"column":4}}},"4":{"name":"getTokenCounter","line":31,"loc":{"start":{"line":31,"column":4},"end":{"line":33,"column":4}}}},"statementMap":{"1":{"start":{"line":13,"column":8},"end":{"line":13,"column":25}},"2":{"start":{"line":17,"column":8},"end":{"line":17,"column":44}},"3":{"start":{"line":19,"column":8},"end":{"line":19,"column":29}},"4":{"start":{"line":28,"column":8},"end":{"line":28,"column":24}},"5":{"start":{"line":32,"column":8},"end":{"line":32,"column":29}}},"branchMap":{}}}
