TN:
SF:/Users/sarzywork/Documents/soliditycode/ethers/nft-marketplace/contracts/NftMarketplace.sol
FN:49,notListed
FN:61,isListed
FN:69,isOwner
FN:89,listItem
FN:108,buyItem
FN:135,cancelListing
FN:148,updateListing
FN:154,withdrawProceeds
FN:166,getListing
FN:174,getProceeds
FNF:10
FNH:6
FNDA:1,notListed
FNDA:1,isListed
FNDA:1,isOwner
FNDA:1,listItem
FNDA:1,buyItem
FNDA:0,cancelListing
FNDA:0,updateListing
FNDA:0,withdrawProceeds
FNDA:0,getListing
FNDA:1,getProceeds
DA:54,1
DA:55,1
DA:56,0
DA:58,1
DA:62,1
DA:63,1
DA:64,0
DA:66,1
DA:74,1
DA:75,1
DA:76,1
DA:77,0
DA:79,1
DA:91,1
DA:92,0
DA:95,1
DA:96,1
DA:97,0
DA:99,1
DA:101,1
DA:110,1
DA:111,1
DA:112,0
DA:119,1
DA:122,1
DA:123,1
DA:129,1
DA:137,0
DA:138,0
DA:150,0
DA:151,0
DA:155,0
DA:156,0
DA:157,0
DA:159,0
DA:160,0
DA:161,0
DA:162,0
DA:171,0
DA:175,1
LF:40
LH:22
BRDA:55,1,0,0
BRDA:55,1,1,1
BRDA:63,2,0,0
BRDA:63,2,1,1
BRDA:76,3,0,0
BRDA:76,3,1,1
BRDA:91,4,0,0
BRDA:91,4,1,1
BRDA:96,5,0,0
BRDA:96,5,1,1
BRDA:111,6,0,0
BRDA:111,6,1,1
BRDA:156,7,0,0
BRDA:156,7,1,0
BRDA:161,8,0,0
BRDA:161,8,1,0
BRF:16
BRH:6
end_of_record
TN:
SF:/Users/sarzywork/Documents/soliditycode/ethers/nft-marketplace/contracts/test/BasicNft.sol
FN:12,constructor
FN:16,mintNft
FN:22,tokenURI
FN:31,getTokenCounter
FNF:4
FNH:2
FNDA:3,constructor
FNDA:1,mintNft
FNDA:0,tokenURI
FNDA:0,getTokenCounter
DA:13,3
DA:17,1
DA:18,1
DA:19,1
DA:28,0
DA:32,0
LF:6
LH:4
BRF:0
BRH:0
end_of_record
